[2019-05-21T15:00:27.606] [INFO] app - the app is starting
[2019-05-21T15:00:51.633] [INFO] app - the app is starting
[2019-05-21T15:01:45.638] [INFO] app - the app is starting
[2019-05-21T15:11:33.178] [INFO] app - the app is starting
[2019-05-25T15:23:53.916] [INFO] app - the app is starting
[2019-05-25T15:24:58.924] [INFO] app - the app is starting
[2019-05-25T15:25:17.812] [INFO] app - user login -> yangger
[2019-05-25T15:55:10.586] [INFO] app - the app is starting
[2019-05-25T16:13:40.340] [INFO] app - the app is starting
[2019-05-25T16:14:16.382] [INFO] app - the app is starting
[2019-05-25T16:14:55.636] [INFO] app - the app is starting
[2019-05-25T16:14:59.531] [ERROR] app - upload image error:
[2019-05-25T16:14:59.531] [ERROR] app - { error: 'Bucket should format as "test-1250000000".' }
[2019-05-25T16:25:13.319] [INFO] app - the app is starting
[2019-05-25T16:25:38.850] [ERROR] app - upload image error:
[2019-05-25T16:25:38.850] [ERROR] app - { error: 'Bucket should format as "test-1250000000".' }
[2019-05-25T16:35:38.911] [INFO] app - the app is starting
[2019-05-25T16:35:47.180] [ERROR] app - upload image error:
[2019-05-25T16:35:47.180] [ERROR] app - null
[2019-05-25T16:43:57.468] [INFO] app - the app is starting
[2019-05-25T16:44:17.332] [ERROR] app - upload image error:
[2019-05-25T16:44:17.332] [ERROR] app - null
[2019-05-25T16:45:09.908] [INFO] app - the app is starting
[2019-05-25T16:45:19.325] [ERROR] app - upload image error:
[2019-05-25T16:45:19.325] [ERROR] app - null
[2019-05-25T16:49:50.512] [INFO] app - the app is starting
[2019-05-25T16:53:29.526] [ERROR] app - upload image error:
[2019-05-25T16:53:29.526] [ERROR] app - null
[2019-05-25T17:03:22.265] [INFO] app - the app is starting
[2019-05-25T17:03:56.181] [INFO] app - user login -> yangger
[2019-05-25T17:04:15.725] [ERROR] app - upload image error:
[2019-05-25T17:04:15.725] [ERROR] app - null
[2019-08-21T20:34:40.940] [INFO] app - the app is starting
[2019-08-21T20:35:44.451] [INFO] app - user login -> yangger
[2019-08-21T20:43:18.887] [INFO] app - the app is starting
[2019-08-21T20:43:52.161] [INFO] app - the app is starting
[2019-08-21T20:44:23.663] [INFO] app - the app is starting
[2019-08-21T20:45:09.207] [ERROR] app - upload image error:
[2019-08-21T20:45:09.207] [ERROR] app - null
[2019-08-21T20:46:44.261] [INFO] app - the app is starting
[2019-08-21T20:47:28.502] [INFO] app - the app is starting
[2019-08-21T20:47:46.161] [INFO] app - the app is starting
[2019-08-21T20:47:58.467] [INFO] app - the app is starting
[2019-08-21T20:49:55.888] [INFO] app - the app is starting
[2019-08-21T20:50:29.194] [ERROR] app - query blog error
[2019-08-21T20:50:29.194] [ERROR] app - { MongoError: Failed to parse: { find: "blogs", filter: { title: { $regex: /(?:)/si }, tags: { $in: [] } }, sort: { createTime: -1 }, projection: { password: 0, _id: 0, __v: 0 }, limit: "1", returnKey: false, showRecordId: false, $db: "Blog" }. 'limit' field must be numeric.
    at Connection.<anonymous> (/Users/yangger/WebstormProjects/blog-server/node_modules/mongodb-core/lib/connection/pool.js:443:61)
    at Connection.emit (events.js:197:13)
    at processMessage (/Users/yangger/WebstormProjects/blog-server/node_modules/mongodb-core/lib/connection/connection.js:364:10)
    at Socket.<anonymous> (/Users/yangger/WebstormProjects/blog-server/node_modules/mongodb-core/lib/connection/connection.js:533:15)
    at Socket.emit (events.js:197:13)
    at addChunk (_stream_readable.js:288:12)
    at readableAddChunk (_stream_readable.js:269:11)
    at Socket.Readable.push (_stream_readable.js:224:10)
    at TCP.onStreamRead [as onread] (internal/stream_base_commons.js:145:17)
  ok: 0,
  errmsg:
   `Failed to parse: { find: "blogs", filter: { title: { $regex: /(?:)/si }, tags: { $in: [] } }, sort: { createTime: -1 }, projection: { password: 0, _id: 0, __v: 0 }, limit: "1", returnKey: false, showRecordId: false, $db: "Blog" }. 'limit' field must be numeric.`,
  code: 9,
  codeName: 'FailedToParse',
  name: 'MongoError',
  [Symbol(mongoErrorContextSymbol)]: {} }
[2019-08-21T20:51:11.023] [ERROR] app - query blog error
[2019-08-21T20:51:11.024] [ERROR] app - { MongoError: Failed to parse: { find: "blogs", filter: { title: { $regex: /(?:)/si }, tags: { $in: [] } }, sort: { createTime: -1 }, projection: { password: 0, _id: 0, __v: 0 }, limit: "10", returnKey: false, showRecordId: false, $db: "Blog" }. 'limit' field must be numeric.
    at Connection.<anonymous> (/Users/yangger/WebstormProjects/blog-server/node_modules/mongodb-core/lib/connection/pool.js:443:61)
    at Connection.emit (events.js:197:13)
    at processMessage (/Users/yangger/WebstormProjects/blog-server/node_modules/mongodb-core/lib/connection/connection.js:364:10)
    at Socket.<anonymous> (/Users/yangger/WebstormProjects/blog-server/node_modules/mongodb-core/lib/connection/connection.js:533:15)
    at Socket.emit (events.js:197:13)
    at addChunk (_stream_readable.js:288:12)
    at readableAddChunk (_stream_readable.js:269:11)
    at Socket.Readable.push (_stream_readable.js:224:10)
    at TCP.onStreamRead [as onread] (internal/stream_base_commons.js:145:17)
  ok: 0,
  errmsg:
   `Failed to parse: { find: "blogs", filter: { title: { $regex: /(?:)/si }, tags: { $in: [] } }, sort: { createTime: -1 }, projection: { password: 0, _id: 0, __v: 0 }, limit: "10", returnKey: false, showRecordId: false, $db: "Blog" }. 'limit' field must be numeric.`,
  code: 9,
  codeName: 'FailedToParse',
  name: 'MongoError',
  [Symbol(mongoErrorContextSymbol)]: {} }
[2019-08-21T20:51:37.657] [ERROR] app - query blog error
[2019-08-21T20:51:37.658] [ERROR] app - { MongoError: Failed to parse: { find: "blogs", filter: { title: { $regex: /(?:)/si }, tags: { $in: [] } }, sort: { createTime: -1 }, projection: { password: 0, _id: 0, __v: 0 }, limit: "10", returnKey: false, showRecordId: false, $db: "Blog" }. 'limit' field must be numeric.
    at Connection.<anonymous> (/Users/yangger/WebstormProjects/blog-server/node_modules/mongodb-core/lib/connection/pool.js:443:61)
    at Connection.emit (events.js:197:13)
    at processMessage (/Users/yangger/WebstormProjects/blog-server/node_modules/mongodb-core/lib/connection/connection.js:364:10)
    at Socket.<anonymous> (/Users/yangger/WebstormProjects/blog-server/node_modules/mongodb-core/lib/connection/connection.js:533:15)
    at Socket.emit (events.js:197:13)
    at addChunk (_stream_readable.js:288:12)
    at readableAddChunk (_stream_readable.js:269:11)
    at Socket.Readable.push (_stream_readable.js:224:10)
    at TCP.onStreamRead [as onread] (internal/stream_base_commons.js:145:17)
  ok: 0,
  errmsg:
   `Failed to parse: { find: "blogs", filter: { title: { $regex: /(?:)/si }, tags: { $in: [] } }, sort: { createTime: -1 }, projection: { password: 0, _id: 0, __v: 0 }, limit: "10", returnKey: false, showRecordId: false, $db: "Blog" }. 'limit' field must be numeric.`,
  code: 9,
  codeName: 'FailedToParse',
  name: 'MongoError',
  [Symbol(mongoErrorContextSymbol)]: {} }
[2019-08-21T20:51:38.808] [ERROR] app - query blog error
[2019-08-21T20:51:38.808] [ERROR] app - { MongoError: Failed to parse: { find: "blogs", filter: { title: { $regex: /(?:)/si }, tags: { $in: [] } }, sort: { createTime: -1 }, projection: { password: 0, _id: 0, __v: 0 }, limit: "10", returnKey: false, showRecordId: false, $db: "Blog" }. 'limit' field must be numeric.
    at Connection.<anonymous> (/Users/yangger/WebstormProjects/blog-server/node_modules/mongodb-core/lib/connection/pool.js:443:61)
    at Connection.emit (events.js:197:13)
    at processMessage (/Users/yangger/WebstormProjects/blog-server/node_modules/mongodb-core/lib/connection/connection.js:364:10)
    at Socket.<anonymous> (/Users/yangger/WebstormProjects/blog-server/node_modules/mongodb-core/lib/connection/connection.js:533:15)
    at Socket.emit (events.js:197:13)
    at addChunk (_stream_readable.js:288:12)
    at readableAddChunk (_stream_readable.js:269:11)
    at Socket.Readable.push (_stream_readable.js:224:10)
    at TCP.onStreamRead [as onread] (internal/stream_base_commons.js:145:17)
  ok: 0,
  errmsg:
   `Failed to parse: { find: "blogs", filter: { title: { $regex: /(?:)/si }, tags: { $in: [] } }, sort: { createTime: -1 }, projection: { password: 0, _id: 0, __v: 0 }, limit: "10", returnKey: false, showRecordId: false, $db: "Blog" }. 'limit' field must be numeric.`,
  code: 9,
  codeName: 'FailedToParse',
  name: 'MongoError',
  [Symbol(mongoErrorContextSymbol)]: {} }
[2019-08-21T20:51:39.360] [ERROR] app - query blog error
[2019-08-21T20:51:39.360] [ERROR] app - { MongoError: Failed to parse: { find: "blogs", filter: { title: { $regex: /(?:)/si }, tags: { $in: [] } }, sort: { createTime: -1 }, projection: { password: 0, _id: 0, __v: 0 }, limit: "10", returnKey: false, showRecordId: false, $db: "Blog" }. 'limit' field must be numeric.
    at Connection.<anonymous> (/Users/yangger/WebstormProjects/blog-server/node_modules/mongodb-core/lib/connection/pool.js:443:61)
    at Connection.emit (events.js:197:13)
    at processMessage (/Users/yangger/WebstormProjects/blog-server/node_modules/mongodb-core/lib/connection/connection.js:364:10)
    at Socket.<anonymous> (/Users/yangger/WebstormProjects/blog-server/node_modules/mongodb-core/lib/connection/connection.js:533:15)
    at Socket.emit (events.js:197:13)
    at addChunk (_stream_readable.js:288:12)
    at readableAddChunk (_stream_readable.js:269:11)
    at Socket.Readable.push (_stream_readable.js:224:10)
    at TCP.onStreamRead [as onread] (internal/stream_base_commons.js:145:17)
  ok: 0,
  errmsg:
   `Failed to parse: { find: "blogs", filter: { title: { $regex: /(?:)/si }, tags: { $in: [] } }, sort: { createTime: -1 }, projection: { password: 0, _id: 0, __v: 0 }, limit: "10", returnKey: false, showRecordId: false, $db: "Blog" }. 'limit' field must be numeric.`,
  code: 9,
  codeName: 'FailedToParse',
  name: 'MongoError',
  [Symbol(mongoErrorContextSymbol)]: {} }
[2019-08-21T20:51:46.909] [INFO] app - the app is starting
[2019-08-21T20:54:17.232] [INFO] app - the app is starting
[2019-08-21T20:57:58.247] [INFO] app - the app is starting
[2019-08-21T20:58:01.529] [ERROR] app - query blog error
[2019-08-21T20:58:01.529] [ERROR] app - { MongoError: $or must be an array
    at Connection.<anonymous> (/Users/yangger/WebstormProjects/blog-server/node_modules/mongodb-core/lib/connection/pool.js:443:61)
    at Connection.emit (events.js:197:13)
    at processMessage (/Users/yangger/WebstormProjects/blog-server/node_modules/mongodb-core/lib/connection/connection.js:364:10)
    at Socket.<anonymous> (/Users/yangger/WebstormProjects/blog-server/node_modules/mongodb-core/lib/connection/connection.js:533:15)
    at Socket.emit (events.js:197:13)
    at addChunk (_stream_readable.js:288:12)
    at readableAddChunk (_stream_readable.js:269:11)
    at Socket.Readable.push (_stream_readable.js:224:10)
    at TCP.onStreamRead [as onread] (internal/stream_base_commons.js:145:17)
  ok: 0,
  errmsg: '$or must be an array',
  code: 2,
  codeName: 'BadValue',
  name: 'MongoError',
  [Symbol(mongoErrorContextSymbol)]: {} }
[2019-08-21T20:58:02.986] [ERROR] app - query blog error
[2019-08-21T20:58:02.986] [ERROR] app - { MongoError: $or must be an array
    at Connection.<anonymous> (/Users/yangger/WebstormProjects/blog-server/node_modules/mongodb-core/lib/connection/pool.js:443:61)
    at Connection.emit (events.js:197:13)
    at processMessage (/Users/yangger/WebstormProjects/blog-server/node_modules/mongodb-core/lib/connection/connection.js:364:10)
    at Socket.<anonymous> (/Users/yangger/WebstormProjects/blog-server/node_modules/mongodb-core/lib/connection/connection.js:533:15)
    at Socket.emit (events.js:197:13)
    at addChunk (_stream_readable.js:288:12)
    at readableAddChunk (_stream_readable.js:269:11)
    at Socket.Readable.push (_stream_readable.js:224:10)
    at TCP.onStreamRead [as onread] (internal/stream_base_commons.js:145:17)
  ok: 0,
  errmsg: '$or must be an array',
  code: 2,
  codeName: 'BadValue',
  name: 'MongoError',
  [Symbol(mongoErrorContextSymbol)]: {} }
[2019-08-21T20:59:48.365] [INFO] app - the app is starting
[2019-08-21T21:01:31.188] [INFO] app - the app is starting
[2019-08-28T18:53:32.786] [INFO] app - the app is starting
[2019-08-28T19:03:41.744] [INFO] app - the app is starting
[2019-08-28T19:04:46.954] [INFO] app - the app is starting
[2019-08-28T19:06:35.289] [INFO] app - the app is starting
[2019-08-28T19:07:00.198] [INFO] app - the app is starting
[2019-08-28T19:08:28.738] [INFO] app - the app is starting
[2019-08-28T19:09:05.365] [INFO] app - the app is starting
[2019-08-28T20:10:10.202] [INFO] app - the app is starting
[2019-08-28T23:13:22.388] [INFO] app - user login -> yangger
[2019-08-28T23:13:42.514] [ERROR] app - create blog error
[2019-08-28T23:13:42.515] [ERROR] app - { ValidationError: Blog validation failed: describe: Path `describe` is required.
    at ValidationError.inspect (/Users/yangger/WebstormProjects/blog-server/node_modules/mongoose/lib/error/validation.js:59:24)
    at formatValue (internal/util/inspect.js:521:31)
    at inspect (internal/util/inspect.js:196:10)
    at formatWithOptions (util.js:84:12)
    at Object.format (util.js:72:10)
    at basicLayout (/Users/yangger/WebstormProjects/blog-server/node_modules/log4js/lib/layouts.js:65:57)
    at app (/Users/yangger/WebstormProjects/blog-server/node_modules/log4js/lib/appenders/file.js:55:18)
    at categoryAppenders.forEach (/Users/yangger/WebstormProjects/blog-server/node_modules/log4js/lib/log4js.js:42:5)
    at Array.forEach (<anonymous>)
    at sendLogEventToAppender (/Users/yangger/WebstormProjects/blog-server/node_modules/log4js/lib/log4js.js:41:21)
    at listeners.forEach.l (/Users/yangger/WebstormProjects/blog-server/node_modules/log4js/lib/clustering.js:16:26)
    at Array.forEach (<anonymous>)
    at sendToListeners (/Users/yangger/WebstormProjects/blog-server/node_modules/log4js/lib/clustering.js:16:13)
    at Object.send (/Users/yangger/WebstormProjects/blog-server/node_modules/log4js/lib/clustering.js:78:7)
    at Logger._log (/Users/yangger/WebstormProjects/blog-server/node_modules/log4js/lib/logger.js:86:16)
    at Logger.log (/Users/yangger/WebstormProjects/blog-server/node_modules/log4js/lib/logger.js:69:12)
  errors:
   { describe:
      { ValidatorError: Path `describe` is required.
          at new ValidatorError (/Users/yangger/WebstormProjects/blog-server/node_modules/mongoose/lib/error/validator.js:29:11)
          at validate (/Users/yangger/WebstormProjects/blog-server/node_modules/mongoose/lib/schematype.js:978:13)
          at /Users/yangger/WebstormProjects/blog-server/node_modules/mongoose/lib/schematype.js:1031:11
          at Array.forEach (<anonymous>)
          at SchemaString.SchemaType.doValidate (/Users/yangger/WebstormProjects/blog-server/node_modules/mongoose/lib/schematype.js:987:14)
          at /Users/yangger/WebstormProjects/blog-server/node_modules/mongoose/lib/document.js:2101:9
          at processTicksAndRejections (internal/process/next_tick.js:74:9)
        message: 'Path `describe` is required.',
        name: 'ValidatorError',
        properties: [Object],
        kind: 'required',
        path: 'describe',
        value: undefined,
        reason: undefined,
        [Symbol(mongoose:validatorError)]: true } },
  _message: 'Blog validation failed',
  name: 'ValidationError' }
[2019-08-28T23:14:05.591] [INFO] app - the app is starting
[2019-08-28T23:14:13.191] [ERROR] app - upload image error:
[2019-08-28T23:14:13.191] [ERROR] app - null
[2019-09-06T18:13:34.254] [INFO] app - the app is starting
[2019-09-06T18:15:18.944] [INFO] app - user login -> yangger
[2019-09-06T18:16:25.891] [ERROR] app - upload image error:
[2019-09-06T18:16:25.891] [ERROR] app - null
[2019-09-06T18:19:51.974] [INFO] app - the app is starting
[2019-09-06T18:19:56.145] [ERROR] app - upload image error:
[2019-09-06T18:19:56.145] [ERROR] app - null
[2019-09-06T18:22:36.056] [INFO] app - the app is starting
[2019-09-06T18:23:51.195] [ERROR] app - upload image error:
[2019-09-06T18:23:51.195] [ERROR] app - null
[2019-09-06T18:23:51.309] [ERROR] app - upload image error:
[2019-09-06T18:23:51.310] [ERROR] app - { Error [ERR_TLS_CERT_ALTNAME_INVALID]: Hostname/IP does not match certificate's altnames: Host: oss.yangger.cn. is not in the cert's altnames: DNS:*.cdn.myqcloud.com, DNS:*.2144.cn, DNS:*.2144.com, DNS:*.58cdn.com.cn, DNS:*.admin.flash.2144.com, DNS:*.admin.flash.cn, DNS:*.dpfile.com, DNS:*.duba.com, DNS:*.ffnews.cn, DNS:*.flash.2144.com, DNS:*.flash.cn, DNS:*.sogoucdn.com, DNS:*.stage.flash.cn, DNS:*.wanyabox.com, DNS:*.zhaopin.cn, DNS:*.zhaopin.com
    at Object.checkServerIdentity (tls.js:245:17)
    at TLSSocket.onConnectSecure (_tls_wrap.js:1152:27)
    at TLSSocket.emit (events.js:197:13)
    at TLSSocket._finishInit (_tls_wrap.js:631:8)
  reason:
   "Host: oss.yangger.cn. is not in the cert's altnames: DNS:*.cdn.myqcloud.com, DNS:*.2144.cn, DNS:*.2144.com, DNS:*.58cdn.com.cn, DNS:*.admin.flash.2144.com, DNS:*.admin.flash.cn, DNS:*.dpfile.com, DNS:*.duba.com, DNS:*.ffnews.cn, DNS:*.flash.2144.com, DNS:*.flash.cn, DNS:*.sogoucdn.com, DNS:*.stage.flash.cn, DNS:*.wanyabox.com, DNS:*.zhaopin.cn, DNS:*.zhaopin.com",
  host: 'oss.yangger.cn',
  cert:
   { subject:
      [Object: null prototype] { OU: [Array], CN: '*.cdn.myqcloud.com' },
     issuer:
      [Object: null prototype] {
        C: 'GB',
        ST: 'Greater Manchester',
        L: 'Salford',
        O: 'COMODO CA Limited',
        CN: 'COMODO RSA Domain Validation Secure Server CA' },
     subjectaltname:
      'DNS:*.cdn.myqcloud.com, DNS:*.2144.cn, DNS:*.2144.com, DNS:*.58cdn.com.cn, DNS:*.admin.flash.2144.com, DNS:*.admin.flash.cn, DNS:*.dpfile.com, DNS:*.duba.com, DNS:*.ffnews.cn, DNS:*.flash.2144.com, DNS:*.flash.cn, DNS:*.sogoucdn.com, DNS:*.stage.flash.cn, DNS:*.wanyabox.com, DNS:*.zhaopin.cn, DNS:*.zhaopin.com',
     infoAccess:
      [Object: null prototype] { 'CA Issuers - URI': [Array], 'OCSP - URI': [Array] },
     modulus:
      'AD7A249F70494E26E7D29239372B5E046C0A671B4338286C2217D7B514352EBF7E733621F1D806FD2E35F6F346579DAE32D61D58D02925AF7A3380588EAB4CDD94593057CB84C0BCA3F6966A260FB0728C3CC280890A133C7867EA28250A5356CD417AAF8FAB79DDC436B36D1AC66917F961698E130ECF29740DD25468987747E77AE65397F0A02136C0EEE4AB98B7193B7A9AD006FDD646A84D2FFCF211F5EA03BF7D576B1F7DB4A06597D3CBA2569B68E4000EF2AC11B0B8F3BCB352AB5D2E850E2EB2AD27E43F127E80481AE871FB10A1AD86F4DD360E72D3335C81EB8AB6FCB7A49DCA9B8602B383DC479AB3AC26C874B9CBED452875F461BCC2706286BF',
     bits: 2048,
     exponent: '0x10001',
     pubkey:
      <Buffer 30 82 01 22 30 0d 06 09 2a 86 48 86 f7 0d 01 01 01 05 00 03 82 01 0f 00 30 82 01 0a 02 82 01 01 00 ad 7a 24 9f 70 49 4e 26 e7 d2 92 39 37 2b 5e 04 6c ... 244 more bytes>,
     valid_from: 'Dec 25 00:00:00 2018 GMT',
     valid_to: 'Dec 25 23:59:59 2019 GMT',
     fingerprint:
      'D1:40:AC:FE:97:87:06:7B:1D:D2:E1:DA:1B:63:31:7E:B0:2C:12:75',
     fingerprint256:
      'E8:28:80:A9:5F:B2:89:F4:53:9B:91:3B:3B:62:7B:CA:6A:31:C8:82:64:CF:0D:C8:FB:42:20:79:06:7F:32:5B',
     ext_key_usage: [ '1.3.6.1.5.5.7.3.1', '1.3.6.1.5.5.7.3.2' ],
     serialNumber: '3DDCB8C72C3E52B5DF11C1F7D81CCCE7',
     raw:
      <Buffer 30 82 07 3c 30 82 06 24 a0 03 02 01 02 02 10 3d dc b8 c7 2c 3e 52 b5 df 11 c1 f7 d8 1c cc e7 30 0d 06 09 2a 86 48 86 f7 0d 01 01 0b 05 00 30 81 90 31 ... 1806 more bytes>,
     issuerCertificate:
      { subject: [Object],
        issuer: [Object],
        infoAccess: [Object],
        modulus:
         '8EC20219E1A059A4EB38358D2CFD01D0D349C064C70B620545163AA8A0C00C027F1DCCDBC4A16D7703A30F86F9E3069C3E0B818A9B491BAD03BEFA4BDB8C20EDD5CE5E658E3E0DAF4CC2B0B7455E522F34DE482464B441AE0097F7BE67DE9ED07AA753803B7CADF596556F97470A7C858B22978DB384E09657D0701860968FEE2D07939DA1BACAD1CD7BE9C42A9A2821914D6F924F25A5F27A35DD26DC46A5D0AC59358CFF4E9143503F59931E6C5121EE5814ABFE7550783E4CB01C8613FA6B98BCE03B941E8552DC039324186ECB275145E670DE2543A40DE14AA5EDB67EC8CD6DEE2E1D27735DDC453080AAE3B2410BAFBD4487DAB9E51B9D7FAEE58582A5',
        bits: 2048,
        exponent: '0x10001',
        pubkey:
         <Buffer 30 82 01 22 30 0d 06 09 2a 86 48 86 f7 0d 01 01 01 05 00 03 82 01 0f 00 30 82 01 0a 02 82 01 01 00 8e c2 02 19 e1 a0 59 a4 eb 38 35 8d 2c fd 01 d0 d3 ... 244 more bytes>,
        valid_from: 'Feb 12 00:00:00 2014 GMT',
        valid_to: 'Feb 11 23:59:59 2029 GMT',
        fingerprint:
         '33:9C:DD:57:CF:D5:B1:41:16:9B:61:5F:F3:14:28:78:2D:1D:A6:39',
        fingerprint256:
         '02:AB:57:E4:E6:7A:0C:B4:8D:D2:FF:34:83:0E:8A:C4:0F:44:76:FB:08:CA:6B:E3:F5:CD:84:6F:64:68:40:F0',
        ext_key_usage: [Array],
        serialNumber: '2B2E6EEAD975366C148A6EDBA37C8C07',
        raw:
         <Buffer 30 82 06 08 30 82 03 f0 a0 03 02 01 02 02 10 2b 2e 6e ea d9 75 36 6c 14 8a 6e db a3 7c 8c 07 30 0d 06 09 2a 86 48 86 f7 0d 01 01 0c 05 00 30 81 85 31 ... 1498 more bytes>,
        issuerCertificate: [Object] } } }
[2019-09-06T18:25:26.221] [INFO] app - the app is starting
[2019-09-06T18:25:29.541] [ERROR] app - upload image error:
[2019-09-06T18:25:29.541] [ERROR] app - null
[2019-09-06T18:25:29.585] [ERROR] app - upload image error:
[2019-09-06T18:25:29.585] [ERROR] app - { Error [ERR_TLS_CERT_ALTNAME_INVALID]: Hostname/IP does not match certificate's altnames: Host: oss.yangger.cn. is not in the cert's altnames: DNS:*.cdn.myqcloud.com, DNS:*.2144.cn, DNS:*.2144.com, DNS:*.58cdn.com.cn, DNS:*.admin.flash.2144.com, DNS:*.admin.flash.cn, DNS:*.dpfile.com, DNS:*.duba.com, DNS:*.ffnews.cn, DNS:*.flash.2144.com, DNS:*.flash.cn, DNS:*.sogoucdn.com, DNS:*.stage.flash.cn, DNS:*.wanyabox.com, DNS:*.zhaopin.cn, DNS:*.zhaopin.com
    at Object.checkServerIdentity (tls.js:245:17)
    at TLSSocket.onConnectSecure (_tls_wrap.js:1152:27)
    at TLSSocket.emit (events.js:197:13)
    at TLSSocket._finishInit (_tls_wrap.js:631:8)
  reason:
   "Host: oss.yangger.cn. is not in the cert's altnames: DNS:*.cdn.myqcloud.com, DNS:*.2144.cn, DNS:*.2144.com, DNS:*.58cdn.com.cn, DNS:*.admin.flash.2144.com, DNS:*.admin.flash.cn, DNS:*.dpfile.com, DNS:*.duba.com, DNS:*.ffnews.cn, DNS:*.flash.2144.com, DNS:*.flash.cn, DNS:*.sogoucdn.com, DNS:*.stage.flash.cn, DNS:*.wanyabox.com, DNS:*.zhaopin.cn, DNS:*.zhaopin.com",
  host: 'oss.yangger.cn',
  cert:
   { subject:
      [Object: null prototype] { OU: [Array], CN: '*.cdn.myqcloud.com' },
     issuer:
      [Object: null prototype] {
        C: 'GB',
        ST: 'Greater Manchester',
        L: 'Salford',
        O: 'COMODO CA Limited',
        CN: 'COMODO RSA Domain Validation Secure Server CA' },
     subjectaltname:
      'DNS:*.cdn.myqcloud.com, DNS:*.2144.cn, DNS:*.2144.com, DNS:*.58cdn.com.cn, DNS:*.admin.flash.2144.com, DNS:*.admin.flash.cn, DNS:*.dpfile.com, DNS:*.duba.com, DNS:*.ffnews.cn, DNS:*.flash.2144.com, DNS:*.flash.cn, DNS:*.sogoucdn.com, DNS:*.stage.flash.cn, DNS:*.wanyabox.com, DNS:*.zhaopin.cn, DNS:*.zhaopin.com',
     infoAccess:
      [Object: null prototype] { 'CA Issuers - URI': [Array], 'OCSP - URI': [Array] },
     modulus:
      'AD7A249F70494E26E7D29239372B5E046C0A671B4338286C2217D7B514352EBF7E733621F1D806FD2E35F6F346579DAE32D61D58D02925AF7A3380588EAB4CDD94593057CB84C0BCA3F6966A260FB0728C3CC280890A133C7867EA28250A5356CD417AAF8FAB79DDC436B36D1AC66917F961698E130ECF29740DD25468987747E77AE65397F0A02136C0EEE4AB98B7193B7A9AD006FDD646A84D2FFCF211F5EA03BF7D576B1F7DB4A06597D3CBA2569B68E4000EF2AC11B0B8F3BCB352AB5D2E850E2EB2AD27E43F127E80481AE871FB10A1AD86F4DD360E72D3335C81EB8AB6FCB7A49DCA9B8602B383DC479AB3AC26C874B9CBED452875F461BCC2706286BF',
     bits: 2048,
     exponent: '0x10001',
     pubkey:
      <Buffer 30 82 01 22 30 0d 06 09 2a 86 48 86 f7 0d 01 01 01 05 00 03 82 01 0f 00 30 82 01 0a 02 82 01 01 00 ad 7a 24 9f 70 49 4e 26 e7 d2 92 39 37 2b 5e 04 6c ... 244 more bytes>,
     valid_from: 'Dec 25 00:00:00 2018 GMT',
     valid_to: 'Dec 25 23:59:59 2019 GMT',
     fingerprint:
      'D1:40:AC:FE:97:87:06:7B:1D:D2:E1:DA:1B:63:31:7E:B0:2C:12:75',
     fingerprint256:
      'E8:28:80:A9:5F:B2:89:F4:53:9B:91:3B:3B:62:7B:CA:6A:31:C8:82:64:CF:0D:C8:FB:42:20:79:06:7F:32:5B',
     ext_key_usage: [ '1.3.6.1.5.5.7.3.1', '1.3.6.1.5.5.7.3.2' ],
     serialNumber: '3DDCB8C72C3E52B5DF11C1F7D81CCCE7',
     raw:
      <Buffer 30 82 07 3c 30 82 06 24 a0 03 02 01 02 02 10 3d dc b8 c7 2c 3e 52 b5 df 11 c1 f7 d8 1c cc e7 30 0d 06 09 2a 86 48 86 f7 0d 01 01 0b 05 00 30 81 90 31 ... 1806 more bytes>,
     issuerCertificate:
      { subject: [Object],
        issuer: [Object],
        infoAccess: [Object],
        modulus:
         '8EC20219E1A059A4EB38358D2CFD01D0D349C064C70B620545163AA8A0C00C027F1DCCDBC4A16D7703A30F86F9E3069C3E0B818A9B491BAD03BEFA4BDB8C20EDD5CE5E658E3E0DAF4CC2B0B7455E522F34DE482464B441AE0097F7BE67DE9ED07AA753803B7CADF596556F97470A7C858B22978DB384E09657D0701860968FEE2D07939DA1BACAD1CD7BE9C42A9A2821914D6F924F25A5F27A35DD26DC46A5D0AC59358CFF4E9143503F59931E6C5121EE5814ABFE7550783E4CB01C8613FA6B98BCE03B941E8552DC039324186ECB275145E670DE2543A40DE14AA5EDB67EC8CD6DEE2E1D27735DDC453080AAE3B2410BAFBD4487DAB9E51B9D7FAEE58582A5',
        bits: 2048,
        exponent: '0x10001',
        pubkey:
         <Buffer 30 82 01 22 30 0d 06 09 2a 86 48 86 f7 0d 01 01 01 05 00 03 82 01 0f 00 30 82 01 0a 02 82 01 01 00 8e c2 02 19 e1 a0 59 a4 eb 38 35 8d 2c fd 01 d0 d3 ... 244 more bytes>,
        valid_from: 'Feb 12 00:00:00 2014 GMT',
        valid_to: 'Feb 11 23:59:59 2029 GMT',
        fingerprint:
         '33:9C:DD:57:CF:D5:B1:41:16:9B:61:5F:F3:14:28:78:2D:1D:A6:39',
        fingerprint256:
         '02:AB:57:E4:E6:7A:0C:B4:8D:D2:FF:34:83:0E:8A:C4:0F:44:76:FB:08:CA:6B:E3:F5:CD:84:6F:64:68:40:F0',
        ext_key_usage: [Array],
        serialNumber: '2B2E6EEAD975366C148A6EDBA37C8C07',
        raw:
         <Buffer 30 82 06 08 30 82 03 f0 a0 03 02 01 02 02 10 2b 2e 6e ea d9 75 36 6c 14 8a 6e db a3 7c 8c 07 30 0d 06 09 2a 86 48 86 f7 0d 01 01 0c 05 00 30 81 85 31 ... 1498 more bytes>,
        issuerCertificate: [Object] } } }
[2019-09-06T18:25:55.560] [INFO] app - the app is starting
[2019-09-06T18:26:00.105] [ERROR] app - upload image error:
[2019-09-06T18:26:00.105] [ERROR] app - null
[2019-09-06T18:26:00.154] [ERROR] app - upload image error:
[2019-09-06T18:26:00.154] [ERROR] app - { Error [ERR_TLS_CERT_ALTNAME_INVALID]: Hostname/IP does not match certificate's altnames: Host: oss.yangger.cn. is not in the cert's altnames: DNS:*.cdn.myqcloud.com, DNS:*.2144.cn, DNS:*.2144.com, DNS:*.58cdn.com.cn, DNS:*.admin.flash.2144.com, DNS:*.admin.flash.cn, DNS:*.dpfile.com, DNS:*.duba.com, DNS:*.ffnews.cn, DNS:*.flash.2144.com, DNS:*.flash.cn, DNS:*.sogoucdn.com, DNS:*.stage.flash.cn, DNS:*.wanyabox.com, DNS:*.zhaopin.cn, DNS:*.zhaopin.com
    at Object.checkServerIdentity (tls.js:245:17)
    at TLSSocket.onConnectSecure (_tls_wrap.js:1152:27)
    at TLSSocket.emit (events.js:197:13)
    at TLSSocket._finishInit (_tls_wrap.js:631:8)
  reason:
   "Host: oss.yangger.cn. is not in the cert's altnames: DNS:*.cdn.myqcloud.com, DNS:*.2144.cn, DNS:*.2144.com, DNS:*.58cdn.com.cn, DNS:*.admin.flash.2144.com, DNS:*.admin.flash.cn, DNS:*.dpfile.com, DNS:*.duba.com, DNS:*.ffnews.cn, DNS:*.flash.2144.com, DNS:*.flash.cn, DNS:*.sogoucdn.com, DNS:*.stage.flash.cn, DNS:*.wanyabox.com, DNS:*.zhaopin.cn, DNS:*.zhaopin.com",
  host: 'oss.yangger.cn',
  cert:
   { subject:
      [Object: null prototype] { OU: [Array], CN: '*.cdn.myqcloud.com' },
     issuer:
      [Object: null prototype] {
        C: 'GB',
        ST: 'Greater Manchester',
        L: 'Salford',
        O: 'COMODO CA Limited',
        CN: 'COMODO RSA Domain Validation Secure Server CA' },
     subjectaltname:
      'DNS:*.cdn.myqcloud.com, DNS:*.2144.cn, DNS:*.2144.com, DNS:*.58cdn.com.cn, DNS:*.admin.flash.2144.com, DNS:*.admin.flash.cn, DNS:*.dpfile.com, DNS:*.duba.com, DNS:*.ffnews.cn, DNS:*.flash.2144.com, DNS:*.flash.cn, DNS:*.sogoucdn.com, DNS:*.stage.flash.cn, DNS:*.wanyabox.com, DNS:*.zhaopin.cn, DNS:*.zhaopin.com',
     infoAccess:
      [Object: null prototype] { 'CA Issuers - URI': [Array], 'OCSP - URI': [Array] },
     modulus:
      'AD7A249F70494E26E7D29239372B5E046C0A671B4338286C2217D7B514352EBF7E733621F1D806FD2E35F6F346579DAE32D61D58D02925AF7A3380588EAB4CDD94593057CB84C0BCA3F6966A260FB0728C3CC280890A133C7867EA28250A5356CD417AAF8FAB79DDC436B36D1AC66917F961698E130ECF29740DD25468987747E77AE65397F0A02136C0EEE4AB98B7193B7A9AD006FDD646A84D2FFCF211F5EA03BF7D576B1F7DB4A06597D3CBA2569B68E4000EF2AC11B0B8F3BCB352AB5D2E850E2EB2AD27E43F127E80481AE871FB10A1AD86F4DD360E72D3335C81EB8AB6FCB7A49DCA9B8602B383DC479AB3AC26C874B9CBED452875F461BCC2706286BF',
     bits: 2048,
     exponent: '0x10001',
     pubkey:
      <Buffer 30 82 01 22 30 0d 06 09 2a 86 48 86 f7 0d 01 01 01 05 00 03 82 01 0f 00 30 82 01 0a 02 82 01 01 00 ad 7a 24 9f 70 49 4e 26 e7 d2 92 39 37 2b 5e 04 6c ... 244 more bytes>,
     valid_from: 'Dec 25 00:00:00 2018 GMT',
     valid_to: 'Dec 25 23:59:59 2019 GMT',
     fingerprint:
      'D1:40:AC:FE:97:87:06:7B:1D:D2:E1:DA:1B:63:31:7E:B0:2C:12:75',
     fingerprint256:
      'E8:28:80:A9:5F:B2:89:F4:53:9B:91:3B:3B:62:7B:CA:6A:31:C8:82:64:CF:0D:C8:FB:42:20:79:06:7F:32:5B',
     ext_key_usage: [ '1.3.6.1.5.5.7.3.1', '1.3.6.1.5.5.7.3.2' ],
     serialNumber: '3DDCB8C72C3E52B5DF11C1F7D81CCCE7',
     raw:
      <Buffer 30 82 07 3c 30 82 06 24 a0 03 02 01 02 02 10 3d dc b8 c7 2c 3e 52 b5 df 11 c1 f7 d8 1c cc e7 30 0d 06 09 2a 86 48 86 f7 0d 01 01 0b 05 00 30 81 90 31 ... 1806 more bytes>,
     issuerCertificate:
      { subject: [Object],
        issuer: [Object],
        infoAccess: [Object],
        modulus:
         '8EC20219E1A059A4EB38358D2CFD01D0D349C064C70B620545163AA8A0C00C027F1DCCDBC4A16D7703A30F86F9E3069C3E0B818A9B491BAD03BEFA4BDB8C20EDD5CE5E658E3E0DAF4CC2B0B7455E522F34DE482464B441AE0097F7BE67DE9ED07AA753803B7CADF596556F97470A7C858B22978DB384E09657D0701860968FEE2D07939DA1BACAD1CD7BE9C42A9A2821914D6F924F25A5F27A35DD26DC46A5D0AC59358CFF4E9143503F59931E6C5121EE5814ABFE7550783E4CB01C8613FA6B98BCE03B941E8552DC039324186ECB275145E670DE2543A40DE14AA5EDB67EC8CD6DEE2E1D27735DDC453080AAE3B2410BAFBD4487DAB9E51B9D7FAEE58582A5',
        bits: 2048,
        exponent: '0x10001',
        pubkey:
         <Buffer 30 82 01 22 30 0d 06 09 2a 86 48 86 f7 0d 01 01 01 05 00 03 82 01 0f 00 30 82 01 0a 02 82 01 01 00 8e c2 02 19 e1 a0 59 a4 eb 38 35 8d 2c fd 01 d0 d3 ... 244 more bytes>,
        valid_from: 'Feb 12 00:00:00 2014 GMT',
        valid_to: 'Feb 11 23:59:59 2029 GMT',
        fingerprint:
         '33:9C:DD:57:CF:D5:B1:41:16:9B:61:5F:F3:14:28:78:2D:1D:A6:39',
        fingerprint256:
         '02:AB:57:E4:E6:7A:0C:B4:8D:D2:FF:34:83:0E:8A:C4:0F:44:76:FB:08:CA:6B:E3:F5:CD:84:6F:64:68:40:F0',
        ext_key_usage: [Array],
        serialNumber: '2B2E6EEAD975366C148A6EDBA37C8C07',
        raw:
         <Buffer 30 82 06 08 30 82 03 f0 a0 03 02 01 02 02 10 2b 2e 6e ea d9 75 36 6c 14 8a 6e db a3 7c 8c 07 30 0d 06 09 2a 86 48 86 f7 0d 01 01 0c 05 00 30 81 85 31 ... 1498 more bytes>,
        issuerCertificate: [Object] } } }
[2019-09-06T18:42:04.614] [INFO] app - the app is starting
[2019-09-06T18:42:23.670] [INFO] app - the app is starting
[2019-09-06T18:42:37.215] [ERROR] app - upload image error:
[2019-09-06T18:42:37.215] [ERROR] app - null
[2019-09-06T18:43:21.799] [INFO] app - the app is starting
[2019-09-06T18:43:29.657] [ERROR] app - upload image error:
[2019-09-06T18:43:29.658] [ERROR] app - null
[2019-09-06T18:44:00.665] [INFO] app - the app is starting
[2019-09-06T18:45:59.131] [INFO] app - the app is starting
[2019-09-06T18:46:06.613] [ERROR] app - upload image error:
[2019-09-06T18:46:06.613] [ERROR] app - null
[2019-09-06T18:49:58.934] [INFO] app - the app is starting
[2019-09-06T18:50:02.727] [ERROR] app - upload image error:
[2019-09-06T18:50:02.727] [ERROR] app - null
[2019-09-06T18:50:35.596] [INFO] app - the app is starting
[2019-09-06T18:50:39.596] [ERROR] app - upload image error:
[2019-09-06T18:50:39.597] [ERROR] app - null
[2019-09-06T18:51:03.260] [INFO] app - the app is starting
[2019-09-06T18:51:07.189] [ERROR] app - upload image error:
[2019-09-06T18:51:07.190] [ERROR] app - null
[2019-09-06T20:19:32.301] [INFO] app - the app is starting
[2019-09-06T20:19:41.302] [INFO] app - user login -> yangger
[2019-09-06T20:19:59.204] [ERROR] app - upload image error:
[2019-09-06T20:19:59.204] [ERROR] app - null
[2019-09-06T20:23:44.277] [INFO] app - the app is starting
[2019-09-06T20:23:47.583] [ERROR] app - upload image error:
[2019-09-06T20:23:47.588] [ERROR] app - null
[2019-09-06T20:24:53.220] [INFO] app - the app is starting
[2019-09-06T20:24:57.454] [ERROR] app - upload image error:
[2019-09-06T20:24:57.455] [ERROR] app - null
[2019-09-06T20:25:43.213] [INFO] app - the app is starting
[2019-09-06T20:25:48.234] [ERROR] app - upload image error:
[2019-09-06T20:25:48.235] [ERROR] app - null
[2019-09-06T20:45:08.497] [INFO] app - the app is starting
[2019-09-06T20:45:59.360] [ERROR] app - upload image error:
[2019-09-06T20:45:59.360] [ERROR] app - null
[2019-09-06T20:49:26.328] [INFO] app - the app is starting
[2019-09-06T20:49:31.450] [ERROR] app - upload image error:
[2019-09-06T20:49:31.450] [ERROR] app - null
[2019-09-06T20:50:10.515] [INFO] app - the app is starting
[2019-09-06T20:50:23.465] [INFO] app - the app is starting
[2019-09-06T20:50:28.991] [ERROR] app - upload image error:
[2019-09-06T20:50:28.992] [ERROR] app - null
[2019-09-06T20:50:59.633] [INFO] app - the app is starting
[2019-09-06T20:51:06.323] [ERROR] app - upload image error:
[2019-09-06T20:51:06.323] [ERROR] app - null
[2019-09-06T20:51:35.086] [INFO] app - the app is starting
[2019-09-06T20:51:48.030] [ERROR] app - upload image error:
[2019-09-06T20:51:48.030] [ERROR] app - null
[2019-09-06T20:55:58.466] [INFO] app - the app is starting
[2019-09-06T20:56:03.856] [ERROR] app - upload image error:
[2019-09-06T20:56:03.857] [ERROR] app - null
[2019-09-06T21:05:26.759] [INFO] app - the app is starting
[2019-09-06T21:05:31.187] [ERROR] app - upload image error:
[2019-09-06T21:05:31.188] [ERROR] app - null
[2019-09-06T21:05:31.188] [INFO] app - buffer get palette start
[2019-09-06T21:05:31.557] [INFO] app - resolved image palette by /Users/yangger/WebstormProjects/blog-server/tempImage/1567775131188301.jpeg, start delete local file
[2019-09-06T21:05:31.557] [INFO] app - buffer get palette end
[2019-09-06T21:05:31.558] [INFO] app - deleted local image by -> /Users/yangger/WebstormProjects/blog-server/tempImage/1567775131188301.jpeg
[2019-09-06T21:07:10.531] [INFO] app - the app is starting
[2019-09-06T21:10:21.970] [INFO] app - the app is starting
[2019-09-06T21:10:31.777] [ERROR] app - upload image error:
[2019-09-06T21:10:31.777] [ERROR] app - null
[2019-09-06T21:10:31.778] [INFO] app - buffer get palette start
[2019-09-06T21:10:32.197] [INFO] app - resolved image palette
[2019-09-06T21:10:32.197] [INFO] app - start delete local file by ->/Users/yangger/WebstormProjects/blog-server/tempImage/1567775431778141.jpeg
[2019-09-06T21:10:32.198] [INFO] app - deleted local image by -> /Users/yangger/WebstormProjects/blog-server/tempImage/1567775431778141.jpeg
[2019-09-06T21:10:32.198] [INFO] app - buffer get palette end
[2019-09-06T21:13:08.868] [ERROR] app - upload image error:
[2019-09-06T21:13:08.868] [ERROR] app - null
[2019-09-06T21:13:08.868] [INFO] app - buffer get palette start
[2019-09-06T21:13:09.141] [INFO] app - resolved image palette
[2019-09-06T21:13:09.141] [INFO] app - start delete local file by ->/Users/yangger/WebstormProjects/blog-server/tempImage/156777558886814.jpeg
[2019-09-06T21:13:09.141] [INFO] app - deleted local image by -> /Users/yangger/WebstormProjects/blog-server/tempImage/156777558886814.jpeg
[2019-09-06T21:13:09.141] [INFO] app - buffer get palette end
[2019-09-06T21:15:39.559] [ERROR] app - upload image error:
[2019-09-06T21:15:39.560] [ERROR] app - null
[2019-09-06T21:15:39.560] [INFO] app - buffer get palette start
[2019-09-06T21:15:39.833] [INFO] app - resolved image palette
[2019-09-06T21:15:39.834] [INFO] app - start delete local file by ->/Users/yangger/WebstormProjects/blog-server/tempImage/1567775739560954.jpeg
[2019-09-06T21:15:39.834] [INFO] app - deleted local image by -> /Users/yangger/WebstormProjects/blog-server/tempImage/1567775739560954.jpeg
[2019-09-06T21:15:39.834] [INFO] app - buffer get palette end
[2019-09-06T21:15:55.143] [ERROR] app - upload image error:
[2019-09-06T21:15:55.144] [ERROR] app - null
[2019-09-06T21:15:55.144] [INFO] app - buffer get palette start
[2019-09-06T21:15:55.440] [INFO] app - resolved image palette
[2019-09-06T21:15:55.440] [INFO] app - start delete local file by ->/Users/yangger/WebstormProjects/blog-server/tempImage/1567775755144997.jpeg
[2019-09-06T21:15:55.441] [INFO] app - deleted local image by -> /Users/yangger/WebstormProjects/blog-server/tempImage/1567775755144997.jpeg
[2019-09-06T21:15:55.441] [INFO] app - buffer get palette end
[2019-09-06T21:18:02.005] [INFO] app - the app is starting
[2019-09-06T21:18:12.134] [ERROR] app - upload image error:
[2019-09-06T21:18:12.134] [ERROR] app - null
[2019-09-06T21:18:12.135] [INFO] app - buffer get palette start
[2019-09-06T21:18:12.492] [INFO] app - resolved image palette
[2019-09-06T21:18:12.493] [INFO] app - start delete local file by ->/Users/yangger/WebstormProjects/blog-server/tempImage/1567775892135650.jpeg
[2019-09-06T21:18:12.493] [INFO] app - deleted local image by -> /Users/yangger/WebstormProjects/blog-server/tempImage/1567775892135650.jpeg
[2019-09-06T21:18:12.493] [INFO] app - buffer get palette end
[2019-09-06T21:18:52.247] [ERROR] app - upload image error:
[2019-09-06T21:18:52.247] [ERROR] app - null
[2019-09-06T21:18:52.247] [INFO] app - buffer get palette start
[2019-09-06T21:18:52.543] [INFO] app - resolved image palette
[2019-09-06T21:18:52.543] [INFO] app - start delete local file by ->/Users/yangger/WebstormProjects/blog-server/tempImage/1567775932247591.jpeg
[2019-09-06T21:18:52.543] [INFO] app - deleted local image by -> /Users/yangger/WebstormProjects/blog-server/tempImage/1567775932247591.jpeg
[2019-09-06T21:18:52.543] [INFO] app - buffer get palette end
[2019-09-06T23:08:53.873] [INFO] app - user login -> yangger
[2019-09-06T23:09:09.222] [ERROR] app - upload image error:
[2019-09-06T23:09:09.222] [ERROR] app - null
[2019-09-06T23:09:09.223] [INFO] app - buffer get palette start
[2019-09-06T23:09:09.597] [INFO] app - resolved image palette
[2019-09-06T23:09:09.597] [INFO] app - start delete local file by ->/Users/yangger/WebstormProjects/blog-server/tempImage/1567782549223236.jpeg
[2019-09-06T23:09:09.598] [INFO] app - deleted local image by -> /Users/yangger/WebstormProjects/blog-server/tempImage/1567782549223236.jpeg
[2019-09-06T23:09:09.598] [INFO] app - buffer get palette end
[2019-09-06T23:09:13.347] [ERROR] app - upload image error:
[2019-09-06T23:09:13.347] [ERROR] app - null
[2019-09-06T23:09:13.348] [INFO] app - buffer get palette start
[2019-09-06T23:09:13.649] [INFO] app - resolved image palette
[2019-09-06T23:09:13.649] [INFO] app - start delete local file by ->/Users/yangger/WebstormProjects/blog-server/tempImage/1567782553348627.jpeg
[2019-09-06T23:09:13.649] [INFO] app - deleted local image by -> /Users/yangger/WebstormProjects/blog-server/tempImage/1567782553348627.jpeg
[2019-09-06T23:09:13.649] [INFO] app - buffer get palette end
[2019-09-06T23:10:25.965] [ERROR] app - upload image error:
[2019-09-06T23:10:25.966] [ERROR] app - null
[2019-09-06T23:10:25.966] [INFO] app - buffer get palette start
[2019-09-06T23:10:26.227] [INFO] app - resolved image palette
[2019-09-06T23:10:26.227] [INFO] app - start delete local file by ->/Users/yangger/WebstormProjects/blog-server/tempImage/1567782625966082.jpeg
[2019-09-06T23:10:26.227] [INFO] app - deleted local image by -> /Users/yangger/WebstormProjects/blog-server/tempImage/1567782625966082.jpeg
[2019-09-06T23:10:26.227] [INFO] app - buffer get palette end
[2019-09-06T23:11:15.810] [ERROR] app - upload image error:
[2019-09-06T23:11:15.810] [ERROR] app - null
[2019-09-06T23:11:15.810] [INFO] app - buffer get palette start
[2019-09-06T23:11:16.112] [INFO] app - resolved image palette
[2019-09-06T23:11:16.112] [INFO] app - start delete local file by ->/Users/yangger/WebstormProjects/blog-server/tempImage/156778267581033.jpeg
[2019-09-06T23:11:16.112] [INFO] app - deleted local image by -> /Users/yangger/WebstormProjects/blog-server/tempImage/156778267581033.jpeg
[2019-09-06T23:11:16.112] [INFO] app - buffer get palette end
[2019-09-06T23:11:58.341] [ERROR] app - upload image error:
[2019-09-06T23:11:58.342] [ERROR] app - null
[2019-09-06T23:11:58.342] [INFO] app - buffer get palette start
[2019-09-06T23:11:58.629] [INFO] app - resolved image palette
[2019-09-06T23:11:58.629] [INFO] app - start delete local file by ->/Users/yangger/WebstormProjects/blog-server/tempImage/1567782718342946.jpeg
[2019-09-06T23:11:58.630] [INFO] app - deleted local image by -> /Users/yangger/WebstormProjects/blog-server/tempImage/1567782718342946.jpeg
[2019-09-06T23:11:58.630] [INFO] app - buffer get palette end
[2019-09-17T16:21:24.772] [INFO] app - the app is starting
[2019-09-17T16:22:54.185] [INFO] app - user login -> yangger
[2019-09-17T16:23:33.687] [INFO] app - the app is starting
[2019-09-17T16:23:36.654] [INFO] app - user login -> yangger
[2020-01-12T09:54:51.789] [INFO] app - the app is starting
[2020-01-12T09:56:27.021] [INFO] app - the app is starting
[2020-01-12T10:53:18.807] [INFO] app - the app is starting
[2020-01-12T11:16:09.186] [INFO] app - the app is starting
